Created by PLY version 3.11 (http://www.dabeaz.com/ply)

Unused terminals:

    CLAVE_PRIMA
    CLAVE_REFERENTE
    COMO_MUCHO
    ES_NULO
    EXISTE
    ORDENA_POR
    PARECIDO_A
    POR_DEFECTO
    TRANSFORMA_A
    UNICO

Grammar

Rule 0     S' -> query
Rule 1     query -> TRAEME seleccion DE_LA_TABLA tabla opcionales
Rule 2     query -> METE_EN tabla LPAREN columnas RPAREN LOS_VALORES LPAREN valores RPAREN
Rule 3     query -> ACTUALIZA tabla SETEA columna comparador valor opcionales
Rule 4     query -> BORRA_DE_LA tabla opcionales
Rule 5     query -> CAMBIA_LA_TABLA tabla alter_opcionales
Rule 6     opcionales -> where opcionales
Rule 7     opcionales -> group opcionales
Rule 8     opcionales -> having opcionales
Rule 9     opcionales -> join opcionales
Rule 10    opcionales -> comparador opcionales
Rule 11    opcionales -> valor opcionales
Rule 12    opcionales -> empty
Rule 13    alter_opcionales -> add
Rule 14    alter_opcionales -> drop_column
Rule 15    alter_opcionales -> rename
Rule 16    alter_opcionales -> create
Rule 17    alter_opcionales -> drop_table
Rule 18    join -> MEZCLANDO tabla EN columna comparador columna
Rule 19    join -> empty
Rule 20    group -> AGRUPANDO_POR columna
Rule 21    group -> empty
Rule 22    having -> WHERE_DEL_GROUP_BY condicion
Rule 23    having -> WHERE_DEL_GROUP_BY seleccion
Rule 24    having -> empty
Rule 25    where -> DONDE condicion
Rule 26    where -> empty
Rule 27    add -> AGREGA_LA_COLUMNA columna tipo_dato constraint
Rule 28    drop_column -> ELIMINA_LA_COLUMNA columna
Rule 29    drop_column -> empty
Rule 30    condicion -> columna comparador valor
Rule 31    condicion -> columna ENTRE valor COMMA valor
Rule 32    condicion -> columna ENTRE valor Y valor
Rule 33    rename -> RENOMBRA columna valor
Rule 34    rename -> empty
Rule 35    create -> CREA_LA_TABLA tabla
Rule 36    create -> empty
Rule 37    drop_table -> TIRA_LA_TABLA tabla
Rule 38    drop_table -> empty
Rule 39    seleccion -> TODO
Rule 40    seleccion -> columna
Rule 41    seleccion -> LOS_DISTINTOS columna
Rule 42    seleccion -> CONTANDO LPAREN ASTERISK RPAREN
Rule 43    seleccion -> CONTANDO LPAREN TODO RPAREN
Rule 44    tabla -> ID
Rule 45    columna -> ID
Rule 46    columnas -> columna
Rule 47    columnas -> columna COMMA columnas
Rule 48    comparador -> COMPARADORES
Rule 49    comparador -> empty
Rule 50    valor -> NUMBER
Rule 51    valor -> ID
Rule 52    valor -> STRING
Rule 53    valor -> LPAREN valor RPAREN
Rule 54    valores -> valor
Rule 55    valores -> valor COMMA valores
Rule 56    tipo_dato -> ID LPAREN NUMBER RPAREN
Rule 57    tipo_dato -> ID
Rule 58    constraint -> NO_NULO
Rule 59    constraint -> empty
Rule 60    empty -> <empty>

Terminals, with rules where they appear

ACTUALIZA            : 3
AGREGA_LA_COLUMNA    : 27
AGRUPANDO_POR        : 20
ASTERISK             : 42
BORRA_DE_LA          : 4
CAMBIA_LA_TABLA      : 5
CLAVE_PRIMA          : 
CLAVE_REFERENTE      : 
COMMA                : 31 47 55
COMO_MUCHO           : 
COMPARADORES         : 48
CONTANDO             : 42 43
CREA_LA_TABLA        : 35
DE_LA_TABLA          : 1
DONDE                : 25
ELIMINA_LA_COLUMNA   : 28
EN                   : 18
ENTRE                : 31 32
ES_NULO              : 
EXISTE               : 
ID                   : 44 45 51 56 57
LOS_DISTINTOS        : 41
LOS_VALORES          : 2
LPAREN               : 2 2 42 43 53 56
METE_EN              : 2
MEZCLANDO            : 18
NO_NULO              : 58
NUMBER               : 50 56
ORDENA_POR           : 
PARECIDO_A           : 
POR_DEFECTO          : 
RENOMBRA             : 33
RPAREN               : 2 2 42 43 53 56
SETEA                : 3
STRING               : 52
TIRA_LA_TABLA        : 37
TODO                 : 39 43
TRAEME               : 1
TRANSFORMA_A         : 
UNICO                : 
WHERE_DEL_GROUP_BY   : 22 23
Y                    : 32
error                : 

Nonterminals, with rules where they appear

add                  : 13
alter_opcionales     : 5
columna              : 3 18 18 20 27 28 30 31 32 33 40 41 46 47
columnas             : 2 47
comparador           : 3 10 18 30
condicion            : 22 25
constraint           : 27
create               : 16
drop_column          : 14
drop_table           : 17
empty                : 12 19 21 24 26 29 34 36 38 49 59
group                : 7
having               : 8
join                 : 9
opcionales           : 1 3 4 6 7 8 9 10 11
query                : 0
rename               : 15
seleccion            : 1 23
tabla                : 1 2 3 4 5 18 35 37
tipo_dato            : 27
valor                : 3 11 30 31 31 32 32 33 53 54 55
valores              : 2 55
where                : 6

Parsing method: LALR

state 0

    (0) S' -> . query
    (1) query -> . TRAEME seleccion DE_LA_TABLA tabla opcionales
    (2) query -> . METE_EN tabla LPAREN columnas RPAREN LOS_VALORES LPAREN valores RPAREN
    (3) query -> . ACTUALIZA tabla SETEA columna comparador valor opcionales
    (4) query -> . BORRA_DE_LA tabla opcionales
    (5) query -> . CAMBIA_LA_TABLA tabla alter_opcionales

    TRAEME          shift and go to state 2
    METE_EN         shift and go to state 3
    ACTUALIZA       shift and go to state 4
    BORRA_DE_LA     shift and go to state 5
    CAMBIA_LA_TABLA shift and go to state 6

    query                          shift and go to state 1

state 1

    (0) S' -> query .



state 2

    (1) query -> TRAEME . seleccion DE_LA_TABLA tabla opcionales
    (39) seleccion -> . TODO
    (40) seleccion -> . columna
    (41) seleccion -> . LOS_DISTINTOS columna
    (42) seleccion -> . CONTANDO LPAREN ASTERISK RPAREN
    (43) seleccion -> . CONTANDO LPAREN TODO RPAREN
    (45) columna -> . ID

    TODO            shift and go to state 8
    LOS_DISTINTOS   shift and go to state 10
    CONTANDO        shift and go to state 11
    ID              shift and go to state 12

    seleccion                      shift and go to state 7
    columna                        shift and go to state 9

state 3

    (2) query -> METE_EN . tabla LPAREN columnas RPAREN LOS_VALORES LPAREN valores RPAREN
    (44) tabla -> . ID

    ID              shift and go to state 14

    tabla                          shift and go to state 13

state 4

    (3) query -> ACTUALIZA . tabla SETEA columna comparador valor opcionales
    (44) tabla -> . ID

    ID              shift and go to state 14

    tabla                          shift and go to state 15

state 5

    (4) query -> BORRA_DE_LA . tabla opcionales
    (44) tabla -> . ID

    ID              shift and go to state 14

    tabla                          shift and go to state 16

state 6

    (5) query -> CAMBIA_LA_TABLA . tabla alter_opcionales
    (44) tabla -> . ID

    ID              shift and go to state 14

    tabla                          shift and go to state 17

state 7

    (1) query -> TRAEME seleccion . DE_LA_TABLA tabla opcionales

    DE_LA_TABLA     shift and go to state 18


state 8

    (39) seleccion -> TODO .

    DE_LA_TABLA     reduce using rule 39 (seleccion -> TODO .)
    DONDE           reduce using rule 39 (seleccion -> TODO .)
    AGRUPANDO_POR   reduce using rule 39 (seleccion -> TODO .)
    WHERE_DEL_GROUP_BY reduce using rule 39 (seleccion -> TODO .)
    MEZCLANDO       reduce using rule 39 (seleccion -> TODO .)
    COMPARADORES    reduce using rule 39 (seleccion -> TODO .)
    NUMBER          reduce using rule 39 (seleccion -> TODO .)
    ID              reduce using rule 39 (seleccion -> TODO .)
    STRING          reduce using rule 39 (seleccion -> TODO .)
    LPAREN          reduce using rule 39 (seleccion -> TODO .)
    $end            reduce using rule 39 (seleccion -> TODO .)


state 9

    (40) seleccion -> columna .

    DE_LA_TABLA     reduce using rule 40 (seleccion -> columna .)


state 10

    (41) seleccion -> LOS_DISTINTOS . columna
    (45) columna -> . ID

    ID              shift and go to state 12

    columna                        shift and go to state 19

state 11

    (42) seleccion -> CONTANDO . LPAREN ASTERISK RPAREN
    (43) seleccion -> CONTANDO . LPAREN TODO RPAREN

    LPAREN          shift and go to state 20


state 12

    (45) columna -> ID .

    DE_LA_TABLA     reduce using rule 45 (columna -> ID .)
    DONDE           reduce using rule 45 (columna -> ID .)
    AGRUPANDO_POR   reduce using rule 45 (columna -> ID .)
    WHERE_DEL_GROUP_BY reduce using rule 45 (columna -> ID .)
    MEZCLANDO       reduce using rule 45 (columna -> ID .)
    COMPARADORES    reduce using rule 45 (columna -> ID .)
    NUMBER          reduce using rule 45 (columna -> ID .)
    ID              reduce using rule 45 (columna -> ID .)
    STRING          reduce using rule 45 (columna -> ID .)
    LPAREN          reduce using rule 45 (columna -> ID .)
    $end            reduce using rule 45 (columna -> ID .)
    COMMA           reduce using rule 45 (columna -> ID .)
    RPAREN          reduce using rule 45 (columna -> ID .)
    ENTRE           reduce using rule 45 (columna -> ID .)


state 13

    (2) query -> METE_EN tabla . LPAREN columnas RPAREN LOS_VALORES LPAREN valores RPAREN

    LPAREN          shift and go to state 21


state 14

    (44) tabla -> ID .

    LPAREN          reduce using rule 44 (tabla -> ID .)
    SETEA           reduce using rule 44 (tabla -> ID .)
    DONDE           reduce using rule 44 (tabla -> ID .)
    AGRUPANDO_POR   reduce using rule 44 (tabla -> ID .)
    WHERE_DEL_GROUP_BY reduce using rule 44 (tabla -> ID .)
    MEZCLANDO       reduce using rule 44 (tabla -> ID .)
    COMPARADORES    reduce using rule 44 (tabla -> ID .)
    NUMBER          reduce using rule 44 (tabla -> ID .)
    ID              reduce using rule 44 (tabla -> ID .)
    STRING          reduce using rule 44 (tabla -> ID .)
    $end            reduce using rule 44 (tabla -> ID .)
    AGREGA_LA_COLUMNA reduce using rule 44 (tabla -> ID .)
    ELIMINA_LA_COLUMNA reduce using rule 44 (tabla -> ID .)
    RENOMBRA        reduce using rule 44 (tabla -> ID .)
    CREA_LA_TABLA   reduce using rule 44 (tabla -> ID .)
    TIRA_LA_TABLA   reduce using rule 44 (tabla -> ID .)
    EN              reduce using rule 44 (tabla -> ID .)


state 15

    (3) query -> ACTUALIZA tabla . SETEA columna comparador valor opcionales

    SETEA           shift and go to state 22


state 16

    (4) query -> BORRA_DE_LA tabla . opcionales
    (6) opcionales -> . where opcionales
    (7) opcionales -> . group opcionales
    (8) opcionales -> . having opcionales
    (9) opcionales -> . join opcionales
    (10) opcionales -> . comparador opcionales
    (11) opcionales -> . valor opcionales
    (12) opcionales -> . empty
    (25) where -> . DONDE condicion
    (26) where -> . empty
    (20) group -> . AGRUPANDO_POR columna
    (21) group -> . empty
    (22) having -> . WHERE_DEL_GROUP_BY condicion
    (23) having -> . WHERE_DEL_GROUP_BY seleccion
    (24) having -> . empty
    (18) join -> . MEZCLANDO tabla EN columna comparador columna
    (19) join -> . empty
    (48) comparador -> . COMPARADORES
    (49) comparador -> . empty
    (50) valor -> . NUMBER
    (51) valor -> . ID
    (52) valor -> . STRING
    (53) valor -> . LPAREN valor RPAREN
    (60) empty -> .

  ! shift/reduce conflict for DONDE resolved as shift
  ! shift/reduce conflict for AGRUPANDO_POR resolved as shift
  ! shift/reduce conflict for WHERE_DEL_GROUP_BY resolved as shift
  ! shift/reduce conflict for MEZCLANDO resolved as shift
  ! shift/reduce conflict for COMPARADORES resolved as shift
  ! shift/reduce conflict for NUMBER resolved as shift
  ! shift/reduce conflict for ID resolved as shift
  ! shift/reduce conflict for STRING resolved as shift
  ! shift/reduce conflict for LPAREN resolved as shift
    DONDE           shift and go to state 31
    AGRUPANDO_POR   shift and go to state 32
    WHERE_DEL_GROUP_BY shift and go to state 33
    MEZCLANDO       shift and go to state 34
    COMPARADORES    shift and go to state 35
    NUMBER          shift and go to state 36
    ID              shift and go to state 37
    STRING          shift and go to state 38
    LPAREN          shift and go to state 39
    $end            reduce using rule 60 (empty -> .)

  ! DONDE           [ reduce using rule 60 (empty -> .) ]
  ! AGRUPANDO_POR   [ reduce using rule 60 (empty -> .) ]
  ! WHERE_DEL_GROUP_BY [ reduce using rule 60 (empty -> .) ]
  ! MEZCLANDO       [ reduce using rule 60 (empty -> .) ]
  ! COMPARADORES    [ reduce using rule 60 (empty -> .) ]
  ! NUMBER          [ reduce using rule 60 (empty -> .) ]
  ! ID              [ reduce using rule 60 (empty -> .) ]
  ! STRING          [ reduce using rule 60 (empty -> .) ]
  ! LPAREN          [ reduce using rule 60 (empty -> .) ]

    opcionales                     shift and go to state 23
    where                          shift and go to state 24
    group                          shift and go to state 25
    having                         shift and go to state 26
    join                           shift and go to state 27
    comparador                     shift and go to state 28
    valor                          shift and go to state 29
    empty                          shift and go to state 30

state 17

    (5) query -> CAMBIA_LA_TABLA tabla . alter_opcionales
    (13) alter_opcionales -> . add
    (14) alter_opcionales -> . drop_column
    (15) alter_opcionales -> . rename
    (16) alter_opcionales -> . create
    (17) alter_opcionales -> . drop_table
    (27) add -> . AGREGA_LA_COLUMNA columna tipo_dato constraint
    (28) drop_column -> . ELIMINA_LA_COLUMNA columna
    (29) drop_column -> . empty
    (33) rename -> . RENOMBRA columna valor
    (34) rename -> . empty
    (35) create -> . CREA_LA_TABLA tabla
    (36) create -> . empty
    (37) drop_table -> . TIRA_LA_TABLA tabla
    (38) drop_table -> . empty
    (60) empty -> .

    AGREGA_LA_COLUMNA shift and go to state 46
    ELIMINA_LA_COLUMNA shift and go to state 47
    RENOMBRA        shift and go to state 49
    CREA_LA_TABLA   shift and go to state 50
    TIRA_LA_TABLA   shift and go to state 51
    $end            reduce using rule 60 (empty -> .)

    alter_opcionales               shift and go to state 40
    add                            shift and go to state 41
    drop_column                    shift and go to state 42
    rename                         shift and go to state 43
    create                         shift and go to state 44
    drop_table                     shift and go to state 45
    empty                          shift and go to state 48

state 18

    (1) query -> TRAEME seleccion DE_LA_TABLA . tabla opcionales
    (44) tabla -> . ID

    ID              shift and go to state 14

    tabla                          shift and go to state 52

state 19

    (41) seleccion -> LOS_DISTINTOS columna .

    DE_LA_TABLA     reduce using rule 41 (seleccion -> LOS_DISTINTOS columna .)
    DONDE           reduce using rule 41 (seleccion -> LOS_DISTINTOS columna .)
    AGRUPANDO_POR   reduce using rule 41 (seleccion -> LOS_DISTINTOS columna .)
    WHERE_DEL_GROUP_BY reduce using rule 41 (seleccion -> LOS_DISTINTOS columna .)
    MEZCLANDO       reduce using rule 41 (seleccion -> LOS_DISTINTOS columna .)
    COMPARADORES    reduce using rule 41 (seleccion -> LOS_DISTINTOS columna .)
    NUMBER          reduce using rule 41 (seleccion -> LOS_DISTINTOS columna .)
    ID              reduce using rule 41 (seleccion -> LOS_DISTINTOS columna .)
    STRING          reduce using rule 41 (seleccion -> LOS_DISTINTOS columna .)
    LPAREN          reduce using rule 41 (seleccion -> LOS_DISTINTOS columna .)
    $end            reduce using rule 41 (seleccion -> LOS_DISTINTOS columna .)


state 20

    (42) seleccion -> CONTANDO LPAREN . ASTERISK RPAREN
    (43) seleccion -> CONTANDO LPAREN . TODO RPAREN

    ASTERISK        shift and go to state 53
    TODO            shift and go to state 54


state 21

    (2) query -> METE_EN tabla LPAREN . columnas RPAREN LOS_VALORES LPAREN valores RPAREN
    (46) columnas -> . columna
    (47) columnas -> . columna COMMA columnas
    (45) columna -> . ID

    ID              shift and go to state 12

    columnas                       shift and go to state 55
    columna                        shift and go to state 56

state 22

    (3) query -> ACTUALIZA tabla SETEA . columna comparador valor opcionales
    (45) columna -> . ID

    ID              shift and go to state 12

    columna                        shift and go to state 57

state 23

    (4) query -> BORRA_DE_LA tabla opcionales .

    $end            reduce using rule 4 (query -> BORRA_DE_LA tabla opcionales .)


state 24

    (6) opcionales -> where . opcionales
    (6) opcionales -> . where opcionales
    (7) opcionales -> . group opcionales
    (8) opcionales -> . having opcionales
    (9) opcionales -> . join opcionales
    (10) opcionales -> . comparador opcionales
    (11) opcionales -> . valor opcionales
    (12) opcionales -> . empty
    (25) where -> . DONDE condicion
    (26) where -> . empty
    (20) group -> . AGRUPANDO_POR columna
    (21) group -> . empty
    (22) having -> . WHERE_DEL_GROUP_BY condicion
    (23) having -> . WHERE_DEL_GROUP_BY seleccion
    (24) having -> . empty
    (18) join -> . MEZCLANDO tabla EN columna comparador columna
    (19) join -> . empty
    (48) comparador -> . COMPARADORES
    (49) comparador -> . empty
    (50) valor -> . NUMBER
    (51) valor -> . ID
    (52) valor -> . STRING
    (53) valor -> . LPAREN valor RPAREN
    (60) empty -> .

  ! shift/reduce conflict for DONDE resolved as shift
  ! shift/reduce conflict for AGRUPANDO_POR resolved as shift
  ! shift/reduce conflict for WHERE_DEL_GROUP_BY resolved as shift
  ! shift/reduce conflict for MEZCLANDO resolved as shift
  ! shift/reduce conflict for COMPARADORES resolved as shift
  ! shift/reduce conflict for NUMBER resolved as shift
  ! shift/reduce conflict for ID resolved as shift
  ! shift/reduce conflict for STRING resolved as shift
  ! shift/reduce conflict for LPAREN resolved as shift
    DONDE           shift and go to state 31
    AGRUPANDO_POR   shift and go to state 32
    WHERE_DEL_GROUP_BY shift and go to state 33
    MEZCLANDO       shift and go to state 34
    COMPARADORES    shift and go to state 35
    NUMBER          shift and go to state 36
    ID              shift and go to state 37
    STRING          shift and go to state 38
    LPAREN          shift and go to state 39
    $end            reduce using rule 60 (empty -> .)

  ! DONDE           [ reduce using rule 60 (empty -> .) ]
  ! AGRUPANDO_POR   [ reduce using rule 60 (empty -> .) ]
  ! WHERE_DEL_GROUP_BY [ reduce using rule 60 (empty -> .) ]
  ! MEZCLANDO       [ reduce using rule 60 (empty -> .) ]
  ! COMPARADORES    [ reduce using rule 60 (empty -> .) ]
  ! NUMBER          [ reduce using rule 60 (empty -> .) ]
  ! ID              [ reduce using rule 60 (empty -> .) ]
  ! STRING          [ reduce using rule 60 (empty -> .) ]
  ! LPAREN          [ reduce using rule 60 (empty -> .) ]

    where                          shift and go to state 24
    opcionales                     shift and go to state 58
    group                          shift and go to state 25
    having                         shift and go to state 26
    join                           shift and go to state 27
    comparador                     shift and go to state 28
    valor                          shift and go to state 29
    empty                          shift and go to state 30

state 25

    (7) opcionales -> group . opcionales
    (6) opcionales -> . where opcionales
    (7) opcionales -> . group opcionales
    (8) opcionales -> . having opcionales
    (9) opcionales -> . join opcionales
    (10) opcionales -> . comparador opcionales
    (11) opcionales -> . valor opcionales
    (12) opcionales -> . empty
    (25) where -> . DONDE condicion
    (26) where -> . empty
    (20) group -> . AGRUPANDO_POR columna
    (21) group -> . empty
    (22) having -> . WHERE_DEL_GROUP_BY condicion
    (23) having -> . WHERE_DEL_GROUP_BY seleccion
    (24) having -> . empty
    (18) join -> . MEZCLANDO tabla EN columna comparador columna
    (19) join -> . empty
    (48) comparador -> . COMPARADORES
    (49) comparador -> . empty
    (50) valor -> . NUMBER
    (51) valor -> . ID
    (52) valor -> . STRING
    (53) valor -> . LPAREN valor RPAREN
    (60) empty -> .

  ! shift/reduce conflict for DONDE resolved as shift
  ! shift/reduce conflict for AGRUPANDO_POR resolved as shift
  ! shift/reduce conflict for WHERE_DEL_GROUP_BY resolved as shift
  ! shift/reduce conflict for MEZCLANDO resolved as shift
  ! shift/reduce conflict for COMPARADORES resolved as shift
  ! shift/reduce conflict for NUMBER resolved as shift
  ! shift/reduce conflict for ID resolved as shift
  ! shift/reduce conflict for STRING resolved as shift
  ! shift/reduce conflict for LPAREN resolved as shift
    DONDE           shift and go to state 31
    AGRUPANDO_POR   shift and go to state 32
    WHERE_DEL_GROUP_BY shift and go to state 33
    MEZCLANDO       shift and go to state 34
    COMPARADORES    shift and go to state 35
    NUMBER          shift and go to state 36
    ID              shift and go to state 37
    STRING          shift and go to state 38
    LPAREN          shift and go to state 39
    $end            reduce using rule 60 (empty -> .)

  ! DONDE           [ reduce using rule 60 (empty -> .) ]
  ! AGRUPANDO_POR   [ reduce using rule 60 (empty -> .) ]
  ! WHERE_DEL_GROUP_BY [ reduce using rule 60 (empty -> .) ]
  ! MEZCLANDO       [ reduce using rule 60 (empty -> .) ]
  ! COMPARADORES    [ reduce using rule 60 (empty -> .) ]
  ! NUMBER          [ reduce using rule 60 (empty -> .) ]
  ! ID              [ reduce using rule 60 (empty -> .) ]
  ! STRING          [ reduce using rule 60 (empty -> .) ]
  ! LPAREN          [ reduce using rule 60 (empty -> .) ]

    group                          shift and go to state 25
    opcionales                     shift and go to state 59
    where                          shift and go to state 24
    having                         shift and go to state 26
    join                           shift and go to state 27
    comparador                     shift and go to state 28
    valor                          shift and go to state 29
    empty                          shift and go to state 30

state 26

    (8) opcionales -> having . opcionales
    (6) opcionales -> . where opcionales
    (7) opcionales -> . group opcionales
    (8) opcionales -> . having opcionales
    (9) opcionales -> . join opcionales
    (10) opcionales -> . comparador opcionales
    (11) opcionales -> . valor opcionales
    (12) opcionales -> . empty
    (25) where -> . DONDE condicion
    (26) where -> . empty
    (20) group -> . AGRUPANDO_POR columna
    (21) group -> . empty
    (22) having -> . WHERE_DEL_GROUP_BY condicion
    (23) having -> . WHERE_DEL_GROUP_BY seleccion
    (24) having -> . empty
    (18) join -> . MEZCLANDO tabla EN columna comparador columna
    (19) join -> . empty
    (48) comparador -> . COMPARADORES
    (49) comparador -> . empty
    (50) valor -> . NUMBER
    (51) valor -> . ID
    (52) valor -> . STRING
    (53) valor -> . LPAREN valor RPAREN
    (60) empty -> .

  ! shift/reduce conflict for DONDE resolved as shift
  ! shift/reduce conflict for AGRUPANDO_POR resolved as shift
  ! shift/reduce conflict for WHERE_DEL_GROUP_BY resolved as shift
  ! shift/reduce conflict for MEZCLANDO resolved as shift
  ! shift/reduce conflict for COMPARADORES resolved as shift
  ! shift/reduce conflict for NUMBER resolved as shift
  ! shift/reduce conflict for ID resolved as shift
  ! shift/reduce conflict for STRING resolved as shift
  ! shift/reduce conflict for LPAREN resolved as shift
    DONDE           shift and go to state 31
    AGRUPANDO_POR   shift and go to state 32
    WHERE_DEL_GROUP_BY shift and go to state 33
    MEZCLANDO       shift and go to state 34
    COMPARADORES    shift and go to state 35
    NUMBER          shift and go to state 36
    ID              shift and go to state 37
    STRING          shift and go to state 38
    LPAREN          shift and go to state 39
    $end            reduce using rule 60 (empty -> .)

  ! DONDE           [ reduce using rule 60 (empty -> .) ]
  ! AGRUPANDO_POR   [ reduce using rule 60 (empty -> .) ]
  ! WHERE_DEL_GROUP_BY [ reduce using rule 60 (empty -> .) ]
  ! MEZCLANDO       [ reduce using rule 60 (empty -> .) ]
  ! COMPARADORES    [ reduce using rule 60 (empty -> .) ]
  ! NUMBER          [ reduce using rule 60 (empty -> .) ]
  ! ID              [ reduce using rule 60 (empty -> .) ]
  ! STRING          [ reduce using rule 60 (empty -> .) ]
  ! LPAREN          [ reduce using rule 60 (empty -> .) ]

    having                         shift and go to state 26
    opcionales                     shift and go to state 60
    where                          shift and go to state 24
    group                          shift and go to state 25
    join                           shift and go to state 27
    comparador                     shift and go to state 28
    valor                          shift and go to state 29
    empty                          shift and go to state 30

state 27

    (9) opcionales -> join . opcionales
    (6) opcionales -> . where opcionales
    (7) opcionales -> . group opcionales
    (8) opcionales -> . having opcionales
    (9) opcionales -> . join opcionales
    (10) opcionales -> . comparador opcionales
    (11) opcionales -> . valor opcionales
    (12) opcionales -> . empty
    (25) where -> . DONDE condicion
    (26) where -> . empty
    (20) group -> . AGRUPANDO_POR columna
    (21) group -> . empty
    (22) having -> . WHERE_DEL_GROUP_BY condicion
    (23) having -> . WHERE_DEL_GROUP_BY seleccion
    (24) having -> . empty
    (18) join -> . MEZCLANDO tabla EN columna comparador columna
    (19) join -> . empty
    (48) comparador -> . COMPARADORES
    (49) comparador -> . empty
    (50) valor -> . NUMBER
    (51) valor -> . ID
    (52) valor -> . STRING
    (53) valor -> . LPAREN valor RPAREN
    (60) empty -> .

  ! shift/reduce conflict for DONDE resolved as shift
  ! shift/reduce conflict for AGRUPANDO_POR resolved as shift
  ! shift/reduce conflict for WHERE_DEL_GROUP_BY resolved as shift
  ! shift/reduce conflict for MEZCLANDO resolved as shift
  ! shift/reduce conflict for COMPARADORES resolved as shift
  ! shift/reduce conflict for NUMBER resolved as shift
  ! shift/reduce conflict for ID resolved as shift
  ! shift/reduce conflict for STRING resolved as shift
  ! shift/reduce conflict for LPAREN resolved as shift
    DONDE           shift and go to state 31
    AGRUPANDO_POR   shift and go to state 32
    WHERE_DEL_GROUP_BY shift and go to state 33
    MEZCLANDO       shift and go to state 34
    COMPARADORES    shift and go to state 35
    NUMBER          shift and go to state 36
    ID              shift and go to state 37
    STRING          shift and go to state 38
    LPAREN          shift and go to state 39
    $end            reduce using rule 60 (empty -> .)

  ! DONDE           [ reduce using rule 60 (empty -> .) ]
  ! AGRUPANDO_POR   [ reduce using rule 60 (empty -> .) ]
  ! WHERE_DEL_GROUP_BY [ reduce using rule 60 (empty -> .) ]
  ! MEZCLANDO       [ reduce using rule 60 (empty -> .) ]
  ! COMPARADORES    [ reduce using rule 60 (empty -> .) ]
  ! NUMBER          [ reduce using rule 60 (empty -> .) ]
  ! ID              [ reduce using rule 60 (empty -> .) ]
  ! STRING          [ reduce using rule 60 (empty -> .) ]
  ! LPAREN          [ reduce using rule 60 (empty -> .) ]

    join                           shift and go to state 27
    opcionales                     shift and go to state 61
    where                          shift and go to state 24
    group                          shift and go to state 25
    having                         shift and go to state 26
    comparador                     shift and go to state 28
    valor                          shift and go to state 29
    empty                          shift and go to state 30

state 28

    (10) opcionales -> comparador . opcionales
    (6) opcionales -> . where opcionales
    (7) opcionales -> . group opcionales
    (8) opcionales -> . having opcionales
    (9) opcionales -> . join opcionales
    (10) opcionales -> . comparador opcionales
    (11) opcionales -> . valor opcionales
    (12) opcionales -> . empty
    (25) where -> . DONDE condicion
    (26) where -> . empty
    (20) group -> . AGRUPANDO_POR columna
    (21) group -> . empty
    (22) having -> . WHERE_DEL_GROUP_BY condicion
    (23) having -> . WHERE_DEL_GROUP_BY seleccion
    (24) having -> . empty
    (18) join -> . MEZCLANDO tabla EN columna comparador columna
    (19) join -> . empty
    (48) comparador -> . COMPARADORES
    (49) comparador -> . empty
    (50) valor -> . NUMBER
    (51) valor -> . ID
    (52) valor -> . STRING
    (53) valor -> . LPAREN valor RPAREN
    (60) empty -> .

  ! shift/reduce conflict for DONDE resolved as shift
  ! shift/reduce conflict for AGRUPANDO_POR resolved as shift
  ! shift/reduce conflict for WHERE_DEL_GROUP_BY resolved as shift
  ! shift/reduce conflict for MEZCLANDO resolved as shift
  ! shift/reduce conflict for COMPARADORES resolved as shift
  ! shift/reduce conflict for NUMBER resolved as shift
  ! shift/reduce conflict for ID resolved as shift
  ! shift/reduce conflict for STRING resolved as shift
  ! shift/reduce conflict for LPAREN resolved as shift
    DONDE           shift and go to state 31
    AGRUPANDO_POR   shift and go to state 32
    WHERE_DEL_GROUP_BY shift and go to state 33
    MEZCLANDO       shift and go to state 34
    COMPARADORES    shift and go to state 35
    NUMBER          shift and go to state 36
    ID              shift and go to state 37
    STRING          shift and go to state 38
    LPAREN          shift and go to state 39
    $end            reduce using rule 60 (empty -> .)

  ! DONDE           [ reduce using rule 60 (empty -> .) ]
  ! AGRUPANDO_POR   [ reduce using rule 60 (empty -> .) ]
  ! WHERE_DEL_GROUP_BY [ reduce using rule 60 (empty -> .) ]
  ! MEZCLANDO       [ reduce using rule 60 (empty -> .) ]
  ! COMPARADORES    [ reduce using rule 60 (empty -> .) ]
  ! NUMBER          [ reduce using rule 60 (empty -> .) ]
  ! ID              [ reduce using rule 60 (empty -> .) ]
  ! STRING          [ reduce using rule 60 (empty -> .) ]
  ! LPAREN          [ reduce using rule 60 (empty -> .) ]

    comparador                     shift and go to state 28
    opcionales                     shift and go to state 62
    where                          shift and go to state 24
    group                          shift and go to state 25
    having                         shift and go to state 26
    join                           shift and go to state 27
    valor                          shift and go to state 29
    empty                          shift and go to state 30

state 29

    (11) opcionales -> valor . opcionales
    (6) opcionales -> . where opcionales
    (7) opcionales -> . group opcionales
    (8) opcionales -> . having opcionales
    (9) opcionales -> . join opcionales
    (10) opcionales -> . comparador opcionales
    (11) opcionales -> . valor opcionales
    (12) opcionales -> . empty
    (25) where -> . DONDE condicion
    (26) where -> . empty
    (20) group -> . AGRUPANDO_POR columna
    (21) group -> . empty
    (22) having -> . WHERE_DEL_GROUP_BY condicion
    (23) having -> . WHERE_DEL_GROUP_BY seleccion
    (24) having -> . empty
    (18) join -> . MEZCLANDO tabla EN columna comparador columna
    (19) join -> . empty
    (48) comparador -> . COMPARADORES
    (49) comparador -> . empty
    (50) valor -> . NUMBER
    (51) valor -> . ID
    (52) valor -> . STRING
    (53) valor -> . LPAREN valor RPAREN
    (60) empty -> .

  ! shift/reduce conflict for DONDE resolved as shift
  ! shift/reduce conflict for AGRUPANDO_POR resolved as shift
  ! shift/reduce conflict for WHERE_DEL_GROUP_BY resolved as shift
  ! shift/reduce conflict for MEZCLANDO resolved as shift
  ! shift/reduce conflict for COMPARADORES resolved as shift
  ! shift/reduce conflict for NUMBER resolved as shift
  ! shift/reduce conflict for ID resolved as shift
  ! shift/reduce conflict for STRING resolved as shift
  ! shift/reduce conflict for LPAREN resolved as shift
    DONDE           shift and go to state 31
    AGRUPANDO_POR   shift and go to state 32
    WHERE_DEL_GROUP_BY shift and go to state 33
    MEZCLANDO       shift and go to state 34
    COMPARADORES    shift and go to state 35
    NUMBER          shift and go to state 36
    ID              shift and go to state 37
    STRING          shift and go to state 38
    LPAREN          shift and go to state 39
    $end            reduce using rule 60 (empty -> .)

  ! DONDE           [ reduce using rule 60 (empty -> .) ]
  ! AGRUPANDO_POR   [ reduce using rule 60 (empty -> .) ]
  ! WHERE_DEL_GROUP_BY [ reduce using rule 60 (empty -> .) ]
  ! MEZCLANDO       [ reduce using rule 60 (empty -> .) ]
  ! COMPARADORES    [ reduce using rule 60 (empty -> .) ]
  ! NUMBER          [ reduce using rule 60 (empty -> .) ]
  ! ID              [ reduce using rule 60 (empty -> .) ]
  ! STRING          [ reduce using rule 60 (empty -> .) ]
  ! LPAREN          [ reduce using rule 60 (empty -> .) ]

    valor                          shift and go to state 29
    opcionales                     shift and go to state 63
    where                          shift and go to state 24
    group                          shift and go to state 25
    having                         shift and go to state 26
    join                           shift and go to state 27
    comparador                     shift and go to state 28
    empty                          shift and go to state 30

state 30

    (12) opcionales -> empty .
    (26) where -> empty .
    (21) group -> empty .
    (24) having -> empty .
    (19) join -> empty .
    (49) comparador -> empty .

  ! reduce/reduce conflict for $end resolved using rule 12 (opcionales -> empty .)
  ! reduce/reduce conflict for DONDE resolved using rule 21 (group -> empty .)
  ! reduce/reduce conflict for AGRUPANDO_POR resolved using rule 21 (group -> empty .)
  ! reduce/reduce conflict for WHERE_DEL_GROUP_BY resolved using rule 21 (group -> empty .)
  ! reduce/reduce conflict for MEZCLANDO resolved using rule 21 (group -> empty .)
  ! reduce/reduce conflict for COMPARADORES resolved using rule 21 (group -> empty .)
  ! reduce/reduce conflict for NUMBER resolved using rule 21 (group -> empty .)
  ! reduce/reduce conflict for ID resolved using rule 21 (group -> empty .)
  ! reduce/reduce conflict for STRING resolved using rule 21 (group -> empty .)
  ! reduce/reduce conflict for LPAREN resolved using rule 21 (group -> empty .)
  ! reduce/reduce conflict for $end resolved using rule 12 (opcionales -> empty .)
  ! reduce/reduce conflict for DONDE resolved using rule 21 (group -> empty .)
  ! reduce/reduce conflict for AGRUPANDO_POR resolved using rule 21 (group -> empty .)
  ! reduce/reduce conflict for WHERE_DEL_GROUP_BY resolved using rule 21 (group -> empty .)
  ! reduce/reduce conflict for MEZCLANDO resolved using rule 21 (group -> empty .)
  ! reduce/reduce conflict for COMPARADORES resolved using rule 21 (group -> empty .)
  ! reduce/reduce conflict for NUMBER resolved using rule 21 (group -> empty .)
  ! reduce/reduce conflict for ID resolved using rule 21 (group -> empty .)
  ! reduce/reduce conflict for STRING resolved using rule 21 (group -> empty .)
  ! reduce/reduce conflict for LPAREN resolved using rule 21 (group -> empty .)
  ! reduce/reduce conflict for $end resolved using rule 12 (opcionales -> empty .)
  ! reduce/reduce conflict for DONDE resolved using rule 19 (join -> empty .)
  ! reduce/reduce conflict for AGRUPANDO_POR resolved using rule 19 (join -> empty .)
  ! reduce/reduce conflict for WHERE_DEL_GROUP_BY resolved using rule 19 (join -> empty .)
  ! reduce/reduce conflict for MEZCLANDO resolved using rule 19 (join -> empty .)
  ! reduce/reduce conflict for COMPARADORES resolved using rule 19 (join -> empty .)
  ! reduce/reduce conflict for NUMBER resolved using rule 19 (join -> empty .)
  ! reduce/reduce conflict for ID resolved using rule 19 (join -> empty .)
  ! reduce/reduce conflict for STRING resolved using rule 19 (join -> empty .)
  ! reduce/reduce conflict for LPAREN resolved using rule 19 (join -> empty .)
  ! reduce/reduce conflict for $end resolved using rule 12 (opcionales -> empty .)
  ! reduce/reduce conflict for DONDE resolved using rule 19 (join -> empty .)
  ! reduce/reduce conflict for AGRUPANDO_POR resolved using rule 19 (join -> empty .)
  ! reduce/reduce conflict for WHERE_DEL_GROUP_BY resolved using rule 19 (join -> empty .)
  ! reduce/reduce conflict for MEZCLANDO resolved using rule 19 (join -> empty .)
  ! reduce/reduce conflict for COMPARADORES resolved using rule 19 (join -> empty .)
  ! reduce/reduce conflict for NUMBER resolved using rule 19 (join -> empty .)
  ! reduce/reduce conflict for ID resolved using rule 19 (join -> empty .)
  ! reduce/reduce conflict for STRING resolved using rule 19 (join -> empty .)
  ! reduce/reduce conflict for LPAREN resolved using rule 19 (join -> empty .)
  ! reduce/reduce conflict for $end resolved using rule 12 (opcionales -> empty .)
    $end            reduce using rule 12 (opcionales -> empty .)
    DONDE           reduce using rule 19 (join -> empty .)
    AGRUPANDO_POR   reduce using rule 19 (join -> empty .)
    WHERE_DEL_GROUP_BY reduce using rule 19 (join -> empty .)
    MEZCLANDO       reduce using rule 19 (join -> empty .)
    COMPARADORES    reduce using rule 19 (join -> empty .)
    NUMBER          reduce using rule 19 (join -> empty .)
    ID              reduce using rule 19 (join -> empty .)
    STRING          reduce using rule 19 (join -> empty .)
    LPAREN          reduce using rule 19 (join -> empty .)

  ! DONDE           [ reduce using rule 26 (where -> empty .) ]
  ! AGRUPANDO_POR   [ reduce using rule 26 (where -> empty .) ]
  ! WHERE_DEL_GROUP_BY [ reduce using rule 26 (where -> empty .) ]
  ! MEZCLANDO       [ reduce using rule 26 (where -> empty .) ]
  ! COMPARADORES    [ reduce using rule 26 (where -> empty .) ]
  ! NUMBER          [ reduce using rule 26 (where -> empty .) ]
  ! ID              [ reduce using rule 26 (where -> empty .) ]
  ! STRING          [ reduce using rule 26 (where -> empty .) ]
  ! LPAREN          [ reduce using rule 26 (where -> empty .) ]
  ! $end            [ reduce using rule 26 (where -> empty .) ]
  ! DONDE           [ reduce using rule 21 (group -> empty .) ]
  ! AGRUPANDO_POR   [ reduce using rule 21 (group -> empty .) ]
  ! WHERE_DEL_GROUP_BY [ reduce using rule 21 (group -> empty .) ]
  ! MEZCLANDO       [ reduce using rule 21 (group -> empty .) ]
  ! COMPARADORES    [ reduce using rule 21 (group -> empty .) ]
  ! NUMBER          [ reduce using rule 21 (group -> empty .) ]
  ! ID              [ reduce using rule 21 (group -> empty .) ]
  ! STRING          [ reduce using rule 21 (group -> empty .) ]
  ! LPAREN          [ reduce using rule 21 (group -> empty .) ]
  ! $end            [ reduce using rule 21 (group -> empty .) ]
  ! DONDE           [ reduce using rule 24 (having -> empty .) ]
  ! AGRUPANDO_POR   [ reduce using rule 24 (having -> empty .) ]
  ! WHERE_DEL_GROUP_BY [ reduce using rule 24 (having -> empty .) ]
  ! MEZCLANDO       [ reduce using rule 24 (having -> empty .) ]
  ! COMPARADORES    [ reduce using rule 24 (having -> empty .) ]
  ! NUMBER          [ reduce using rule 24 (having -> empty .) ]
  ! ID              [ reduce using rule 24 (having -> empty .) ]
  ! STRING          [ reduce using rule 24 (having -> empty .) ]
  ! LPAREN          [ reduce using rule 24 (having -> empty .) ]
  ! $end            [ reduce using rule 24 (having -> empty .) ]
  ! $end            [ reduce using rule 19 (join -> empty .) ]
  ! DONDE           [ reduce using rule 49 (comparador -> empty .) ]
  ! AGRUPANDO_POR   [ reduce using rule 49 (comparador -> empty .) ]
  ! WHERE_DEL_GROUP_BY [ reduce using rule 49 (comparador -> empty .) ]
  ! MEZCLANDO       [ reduce using rule 49 (comparador -> empty .) ]
  ! COMPARADORES    [ reduce using rule 49 (comparador -> empty .) ]
  ! NUMBER          [ reduce using rule 49 (comparador -> empty .) ]
  ! ID              [ reduce using rule 49 (comparador -> empty .) ]
  ! STRING          [ reduce using rule 49 (comparador -> empty .) ]
  ! LPAREN          [ reduce using rule 49 (comparador -> empty .) ]
  ! $end            [ reduce using rule 49 (comparador -> empty .) ]


state 31

    (25) where -> DONDE . condicion
    (30) condicion -> . columna comparador valor
    (31) condicion -> . columna ENTRE valor COMMA valor
    (32) condicion -> . columna ENTRE valor Y valor
    (45) columna -> . ID

    ID              shift and go to state 12

    condicion                      shift and go to state 64
    columna                        shift and go to state 65

state 32

    (20) group -> AGRUPANDO_POR . columna
    (45) columna -> . ID

    ID              shift and go to state 12

    columna                        shift and go to state 66

state 33

    (22) having -> WHERE_DEL_GROUP_BY . condicion
    (23) having -> WHERE_DEL_GROUP_BY . seleccion
    (30) condicion -> . columna comparador valor
    (31) condicion -> . columna ENTRE valor COMMA valor
    (32) condicion -> . columna ENTRE valor Y valor
    (39) seleccion -> . TODO
    (40) seleccion -> . columna
    (41) seleccion -> . LOS_DISTINTOS columna
    (42) seleccion -> . CONTANDO LPAREN ASTERISK RPAREN
    (43) seleccion -> . CONTANDO LPAREN TODO RPAREN
    (45) columna -> . ID

    TODO            shift and go to state 8
    LOS_DISTINTOS   shift and go to state 10
    CONTANDO        shift and go to state 11
    ID              shift and go to state 12

    condicion                      shift and go to state 67
    seleccion                      shift and go to state 68
    columna                        shift and go to state 69

state 34

    (18) join -> MEZCLANDO . tabla EN columna comparador columna
    (44) tabla -> . ID

    ID              shift and go to state 14

    tabla                          shift and go to state 70

state 35

    (48) comparador -> COMPARADORES .

    DONDE           reduce using rule 48 (comparador -> COMPARADORES .)
    AGRUPANDO_POR   reduce using rule 48 (comparador -> COMPARADORES .)
    WHERE_DEL_GROUP_BY reduce using rule 48 (comparador -> COMPARADORES .)
    MEZCLANDO       reduce using rule 48 (comparador -> COMPARADORES .)
    COMPARADORES    reduce using rule 48 (comparador -> COMPARADORES .)
    NUMBER          reduce using rule 48 (comparador -> COMPARADORES .)
    ID              reduce using rule 48 (comparador -> COMPARADORES .)
    STRING          reduce using rule 48 (comparador -> COMPARADORES .)
    LPAREN          reduce using rule 48 (comparador -> COMPARADORES .)
    $end            reduce using rule 48 (comparador -> COMPARADORES .)


state 36

    (50) valor -> NUMBER .

    DONDE           reduce using rule 50 (valor -> NUMBER .)
    AGRUPANDO_POR   reduce using rule 50 (valor -> NUMBER .)
    WHERE_DEL_GROUP_BY reduce using rule 50 (valor -> NUMBER .)
    MEZCLANDO       reduce using rule 50 (valor -> NUMBER .)
    COMPARADORES    reduce using rule 50 (valor -> NUMBER .)
    NUMBER          reduce using rule 50 (valor -> NUMBER .)
    ID              reduce using rule 50 (valor -> NUMBER .)
    STRING          reduce using rule 50 (valor -> NUMBER .)
    LPAREN          reduce using rule 50 (valor -> NUMBER .)
    $end            reduce using rule 50 (valor -> NUMBER .)
    RPAREN          reduce using rule 50 (valor -> NUMBER .)
    COMMA           reduce using rule 50 (valor -> NUMBER .)
    Y               reduce using rule 50 (valor -> NUMBER .)


state 37

    (51) valor -> ID .

    DONDE           reduce using rule 51 (valor -> ID .)
    AGRUPANDO_POR   reduce using rule 51 (valor -> ID .)
    WHERE_DEL_GROUP_BY reduce using rule 51 (valor -> ID .)
    MEZCLANDO       reduce using rule 51 (valor -> ID .)
    COMPARADORES    reduce using rule 51 (valor -> ID .)
    NUMBER          reduce using rule 51 (valor -> ID .)
    ID              reduce using rule 51 (valor -> ID .)
    STRING          reduce using rule 51 (valor -> ID .)
    LPAREN          reduce using rule 51 (valor -> ID .)
    $end            reduce using rule 51 (valor -> ID .)
    RPAREN          reduce using rule 51 (valor -> ID .)
    COMMA           reduce using rule 51 (valor -> ID .)
    Y               reduce using rule 51 (valor -> ID .)


state 38

    (52) valor -> STRING .

    DONDE           reduce using rule 52 (valor -> STRING .)
    AGRUPANDO_POR   reduce using rule 52 (valor -> STRING .)
    WHERE_DEL_GROUP_BY reduce using rule 52 (valor -> STRING .)
    MEZCLANDO       reduce using rule 52 (valor -> STRING .)
    COMPARADORES    reduce using rule 52 (valor -> STRING .)
    NUMBER          reduce using rule 52 (valor -> STRING .)
    ID              reduce using rule 52 (valor -> STRING .)
    STRING          reduce using rule 52 (valor -> STRING .)
    LPAREN          reduce using rule 52 (valor -> STRING .)
    $end            reduce using rule 52 (valor -> STRING .)
    RPAREN          reduce using rule 52 (valor -> STRING .)
    COMMA           reduce using rule 52 (valor -> STRING .)
    Y               reduce using rule 52 (valor -> STRING .)


state 39

    (53) valor -> LPAREN . valor RPAREN
    (50) valor -> . NUMBER
    (51) valor -> . ID
    (52) valor -> . STRING
    (53) valor -> . LPAREN valor RPAREN

    NUMBER          shift and go to state 36
    ID              shift and go to state 37
    STRING          shift and go to state 38
    LPAREN          shift and go to state 39

    valor                          shift and go to state 71

state 40

    (5) query -> CAMBIA_LA_TABLA tabla alter_opcionales .

    $end            reduce using rule 5 (query -> CAMBIA_LA_TABLA tabla alter_opcionales .)


state 41

    (13) alter_opcionales -> add .

    $end            reduce using rule 13 (alter_opcionales -> add .)


state 42

    (14) alter_opcionales -> drop_column .

    $end            reduce using rule 14 (alter_opcionales -> drop_column .)


state 43

    (15) alter_opcionales -> rename .

    $end            reduce using rule 15 (alter_opcionales -> rename .)


state 44

    (16) alter_opcionales -> create .

    $end            reduce using rule 16 (alter_opcionales -> create .)


state 45

    (17) alter_opcionales -> drop_table .

    $end            reduce using rule 17 (alter_opcionales -> drop_table .)


state 46

    (27) add -> AGREGA_LA_COLUMNA . columna tipo_dato constraint
    (45) columna -> . ID

    ID              shift and go to state 12

    columna                        shift and go to state 72

state 47

    (28) drop_column -> ELIMINA_LA_COLUMNA . columna
    (45) columna -> . ID

    ID              shift and go to state 12

    columna                        shift and go to state 73

state 48

    (29) drop_column -> empty .
    (34) rename -> empty .
    (36) create -> empty .
    (38) drop_table -> empty .

  ! reduce/reduce conflict for $end resolved using rule 29 (drop_column -> empty .)
  ! reduce/reduce conflict for $end resolved using rule 29 (drop_column -> empty .)
  ! reduce/reduce conflict for $end resolved using rule 29 (drop_column -> empty .)
    $end            reduce using rule 29 (drop_column -> empty .)

  ! $end            [ reduce using rule 34 (rename -> empty .) ]
  ! $end            [ reduce using rule 36 (create -> empty .) ]
  ! $end            [ reduce using rule 38 (drop_table -> empty .) ]


state 49

    (33) rename -> RENOMBRA . columna valor
    (45) columna -> . ID

    ID              shift and go to state 12

    columna                        shift and go to state 74

state 50

    (35) create -> CREA_LA_TABLA . tabla
    (44) tabla -> . ID

    ID              shift and go to state 14

    tabla                          shift and go to state 75

state 51

    (37) drop_table -> TIRA_LA_TABLA . tabla
    (44) tabla -> . ID

    ID              shift and go to state 14

    tabla                          shift and go to state 76

state 52

    (1) query -> TRAEME seleccion DE_LA_TABLA tabla . opcionales
    (6) opcionales -> . where opcionales
    (7) opcionales -> . group opcionales
    (8) opcionales -> . having opcionales
    (9) opcionales -> . join opcionales
    (10) opcionales -> . comparador opcionales
    (11) opcionales -> . valor opcionales
    (12) opcionales -> . empty
    (25) where -> . DONDE condicion
    (26) where -> . empty
    (20) group -> . AGRUPANDO_POR columna
    (21) group -> . empty
    (22) having -> . WHERE_DEL_GROUP_BY condicion
    (23) having -> . WHERE_DEL_GROUP_BY seleccion
    (24) having -> . empty
    (18) join -> . MEZCLANDO tabla EN columna comparador columna
    (19) join -> . empty
    (48) comparador -> . COMPARADORES
    (49) comparador -> . empty
    (50) valor -> . NUMBER
    (51) valor -> . ID
    (52) valor -> . STRING
    (53) valor -> . LPAREN valor RPAREN
    (60) empty -> .

  ! shift/reduce conflict for DONDE resolved as shift
  ! shift/reduce conflict for AGRUPANDO_POR resolved as shift
  ! shift/reduce conflict for WHERE_DEL_GROUP_BY resolved as shift
  ! shift/reduce conflict for MEZCLANDO resolved as shift
  ! shift/reduce conflict for COMPARADORES resolved as shift
  ! shift/reduce conflict for NUMBER resolved as shift
  ! shift/reduce conflict for ID resolved as shift
  ! shift/reduce conflict for STRING resolved as shift
  ! shift/reduce conflict for LPAREN resolved as shift
    DONDE           shift and go to state 31
    AGRUPANDO_POR   shift and go to state 32
    WHERE_DEL_GROUP_BY shift and go to state 33
    MEZCLANDO       shift and go to state 34
    COMPARADORES    shift and go to state 35
    NUMBER          shift and go to state 36
    ID              shift and go to state 37
    STRING          shift and go to state 38
    LPAREN          shift and go to state 39
    $end            reduce using rule 60 (empty -> .)

  ! DONDE           [ reduce using rule 60 (empty -> .) ]
  ! AGRUPANDO_POR   [ reduce using rule 60 (empty -> .) ]
  ! WHERE_DEL_GROUP_BY [ reduce using rule 60 (empty -> .) ]
  ! MEZCLANDO       [ reduce using rule 60 (empty -> .) ]
  ! COMPARADORES    [ reduce using rule 60 (empty -> .) ]
  ! NUMBER          [ reduce using rule 60 (empty -> .) ]
  ! ID              [ reduce using rule 60 (empty -> .) ]
  ! STRING          [ reduce using rule 60 (empty -> .) ]
  ! LPAREN          [ reduce using rule 60 (empty -> .) ]

    opcionales                     shift and go to state 77
    where                          shift and go to state 24
    group                          shift and go to state 25
    having                         shift and go to state 26
    join                           shift and go to state 27
    comparador                     shift and go to state 28
    valor                          shift and go to state 29
    empty                          shift and go to state 30

state 53

    (42) seleccion -> CONTANDO LPAREN ASTERISK . RPAREN

    RPAREN          shift and go to state 78


state 54

    (43) seleccion -> CONTANDO LPAREN TODO . RPAREN

    RPAREN          shift and go to state 79


state 55

    (2) query -> METE_EN tabla LPAREN columnas . RPAREN LOS_VALORES LPAREN valores RPAREN

    RPAREN          shift and go to state 80


state 56

    (46) columnas -> columna .
    (47) columnas -> columna . COMMA columnas

    RPAREN          reduce using rule 46 (columnas -> columna .)
    COMMA           shift and go to state 81


state 57

    (3) query -> ACTUALIZA tabla SETEA columna . comparador valor opcionales
    (48) comparador -> . COMPARADORES
    (49) comparador -> . empty
    (60) empty -> .

    COMPARADORES    shift and go to state 35
    NUMBER          reduce using rule 60 (empty -> .)
    ID              reduce using rule 60 (empty -> .)
    STRING          reduce using rule 60 (empty -> .)
    LPAREN          reduce using rule 60 (empty -> .)

    comparador                     shift and go to state 82
    empty                          shift and go to state 83

state 58

    (6) opcionales -> where opcionales .

    $end            reduce using rule 6 (opcionales -> where opcionales .)


state 59

    (7) opcionales -> group opcionales .

    $end            reduce using rule 7 (opcionales -> group opcionales .)


state 60

    (8) opcionales -> having opcionales .

    $end            reduce using rule 8 (opcionales -> having opcionales .)


state 61

    (9) opcionales -> join opcionales .

    $end            reduce using rule 9 (opcionales -> join opcionales .)


state 62

    (10) opcionales -> comparador opcionales .

    $end            reduce using rule 10 (opcionales -> comparador opcionales .)


state 63

    (11) opcionales -> valor opcionales .

    $end            reduce using rule 11 (opcionales -> valor opcionales .)


state 64

    (25) where -> DONDE condicion .

    DONDE           reduce using rule 25 (where -> DONDE condicion .)
    AGRUPANDO_POR   reduce using rule 25 (where -> DONDE condicion .)
    WHERE_DEL_GROUP_BY reduce using rule 25 (where -> DONDE condicion .)
    MEZCLANDO       reduce using rule 25 (where -> DONDE condicion .)
    COMPARADORES    reduce using rule 25 (where -> DONDE condicion .)
    NUMBER          reduce using rule 25 (where -> DONDE condicion .)
    ID              reduce using rule 25 (where -> DONDE condicion .)
    STRING          reduce using rule 25 (where -> DONDE condicion .)
    LPAREN          reduce using rule 25 (where -> DONDE condicion .)
    $end            reduce using rule 25 (where -> DONDE condicion .)


state 65

    (30) condicion -> columna . comparador valor
    (31) condicion -> columna . ENTRE valor COMMA valor
    (32) condicion -> columna . ENTRE valor Y valor
    (48) comparador -> . COMPARADORES
    (49) comparador -> . empty
    (60) empty -> .

    ENTRE           shift and go to state 85
    COMPARADORES    shift and go to state 35
    NUMBER          reduce using rule 60 (empty -> .)
    ID              reduce using rule 60 (empty -> .)
    STRING          reduce using rule 60 (empty -> .)
    LPAREN          reduce using rule 60 (empty -> .)

    comparador                     shift and go to state 84
    empty                          shift and go to state 83

state 66

    (20) group -> AGRUPANDO_POR columna .

    DONDE           reduce using rule 20 (group -> AGRUPANDO_POR columna .)
    AGRUPANDO_POR   reduce using rule 20 (group -> AGRUPANDO_POR columna .)
    WHERE_DEL_GROUP_BY reduce using rule 20 (group -> AGRUPANDO_POR columna .)
    MEZCLANDO       reduce using rule 20 (group -> AGRUPANDO_POR columna .)
    COMPARADORES    reduce using rule 20 (group -> AGRUPANDO_POR columna .)
    NUMBER          reduce using rule 20 (group -> AGRUPANDO_POR columna .)
    ID              reduce using rule 20 (group -> AGRUPANDO_POR columna .)
    STRING          reduce using rule 20 (group -> AGRUPANDO_POR columna .)
    LPAREN          reduce using rule 20 (group -> AGRUPANDO_POR columna .)
    $end            reduce using rule 20 (group -> AGRUPANDO_POR columna .)


state 67

    (22) having -> WHERE_DEL_GROUP_BY condicion .

    DONDE           reduce using rule 22 (having -> WHERE_DEL_GROUP_BY condicion .)
    AGRUPANDO_POR   reduce using rule 22 (having -> WHERE_DEL_GROUP_BY condicion .)
    WHERE_DEL_GROUP_BY reduce using rule 22 (having -> WHERE_DEL_GROUP_BY condicion .)
    MEZCLANDO       reduce using rule 22 (having -> WHERE_DEL_GROUP_BY condicion .)
    COMPARADORES    reduce using rule 22 (having -> WHERE_DEL_GROUP_BY condicion .)
    NUMBER          reduce using rule 22 (having -> WHERE_DEL_GROUP_BY condicion .)
    ID              reduce using rule 22 (having -> WHERE_DEL_GROUP_BY condicion .)
    STRING          reduce using rule 22 (having -> WHERE_DEL_GROUP_BY condicion .)
    LPAREN          reduce using rule 22 (having -> WHERE_DEL_GROUP_BY condicion .)
    $end            reduce using rule 22 (having -> WHERE_DEL_GROUP_BY condicion .)


state 68

    (23) having -> WHERE_DEL_GROUP_BY seleccion .

    DONDE           reduce using rule 23 (having -> WHERE_DEL_GROUP_BY seleccion .)
    AGRUPANDO_POR   reduce using rule 23 (having -> WHERE_DEL_GROUP_BY seleccion .)
    WHERE_DEL_GROUP_BY reduce using rule 23 (having -> WHERE_DEL_GROUP_BY seleccion .)
    MEZCLANDO       reduce using rule 23 (having -> WHERE_DEL_GROUP_BY seleccion .)
    COMPARADORES    reduce using rule 23 (having -> WHERE_DEL_GROUP_BY seleccion .)
    NUMBER          reduce using rule 23 (having -> WHERE_DEL_GROUP_BY seleccion .)
    ID              reduce using rule 23 (having -> WHERE_DEL_GROUP_BY seleccion .)
    STRING          reduce using rule 23 (having -> WHERE_DEL_GROUP_BY seleccion .)
    LPAREN          reduce using rule 23 (having -> WHERE_DEL_GROUP_BY seleccion .)
    $end            reduce using rule 23 (having -> WHERE_DEL_GROUP_BY seleccion .)


state 69

    (30) condicion -> columna . comparador valor
    (31) condicion -> columna . ENTRE valor COMMA valor
    (32) condicion -> columna . ENTRE valor Y valor
    (40) seleccion -> columna .
    (48) comparador -> . COMPARADORES
    (49) comparador -> . empty
    (60) empty -> .

  ! shift/reduce conflict for COMPARADORES resolved as shift
  ! reduce/reduce conflict for NUMBER resolved using rule 40 (seleccion -> columna .)
  ! reduce/reduce conflict for ID resolved using rule 40 (seleccion -> columna .)
  ! reduce/reduce conflict for STRING resolved using rule 40 (seleccion -> columna .)
  ! reduce/reduce conflict for LPAREN resolved using rule 40 (seleccion -> columna .)
    ENTRE           shift and go to state 85
    DONDE           reduce using rule 40 (seleccion -> columna .)
    AGRUPANDO_POR   reduce using rule 40 (seleccion -> columna .)
    WHERE_DEL_GROUP_BY reduce using rule 40 (seleccion -> columna .)
    MEZCLANDO       reduce using rule 40 (seleccion -> columna .)
    NUMBER          reduce using rule 40 (seleccion -> columna .)
    ID              reduce using rule 40 (seleccion -> columna .)
    STRING          reduce using rule 40 (seleccion -> columna .)
    LPAREN          reduce using rule 40 (seleccion -> columna .)
    $end            reduce using rule 40 (seleccion -> columna .)
    COMPARADORES    shift and go to state 35

  ! COMPARADORES    [ reduce using rule 40 (seleccion -> columna .) ]
  ! NUMBER          [ reduce using rule 60 (empty -> .) ]
  ! ID              [ reduce using rule 60 (empty -> .) ]
  ! STRING          [ reduce using rule 60 (empty -> .) ]
  ! LPAREN          [ reduce using rule 60 (empty -> .) ]

    comparador                     shift and go to state 84
    empty                          shift and go to state 83

state 70

    (18) join -> MEZCLANDO tabla . EN columna comparador columna

    EN              shift and go to state 86


state 71

    (53) valor -> LPAREN valor . RPAREN

    RPAREN          shift and go to state 87


state 72

    (27) add -> AGREGA_LA_COLUMNA columna . tipo_dato constraint
    (56) tipo_dato -> . ID LPAREN NUMBER RPAREN
    (57) tipo_dato -> . ID

    ID              shift and go to state 89

    tipo_dato                      shift and go to state 88

state 73

    (28) drop_column -> ELIMINA_LA_COLUMNA columna .

    $end            reduce using rule 28 (drop_column -> ELIMINA_LA_COLUMNA columna .)


state 74

    (33) rename -> RENOMBRA columna . valor
    (50) valor -> . NUMBER
    (51) valor -> . ID
    (52) valor -> . STRING
    (53) valor -> . LPAREN valor RPAREN

    NUMBER          shift and go to state 36
    ID              shift and go to state 37
    STRING          shift and go to state 38
    LPAREN          shift and go to state 39

    valor                          shift and go to state 90

state 75

    (35) create -> CREA_LA_TABLA tabla .

    $end            reduce using rule 35 (create -> CREA_LA_TABLA tabla .)


state 76

    (37) drop_table -> TIRA_LA_TABLA tabla .

    $end            reduce using rule 37 (drop_table -> TIRA_LA_TABLA tabla .)


state 77

    (1) query -> TRAEME seleccion DE_LA_TABLA tabla opcionales .

    $end            reduce using rule 1 (query -> TRAEME seleccion DE_LA_TABLA tabla opcionales .)


state 78

    (42) seleccion -> CONTANDO LPAREN ASTERISK RPAREN .

    DE_LA_TABLA     reduce using rule 42 (seleccion -> CONTANDO LPAREN ASTERISK RPAREN .)
    DONDE           reduce using rule 42 (seleccion -> CONTANDO LPAREN ASTERISK RPAREN .)
    AGRUPANDO_POR   reduce using rule 42 (seleccion -> CONTANDO LPAREN ASTERISK RPAREN .)
    WHERE_DEL_GROUP_BY reduce using rule 42 (seleccion -> CONTANDO LPAREN ASTERISK RPAREN .)
    MEZCLANDO       reduce using rule 42 (seleccion -> CONTANDO LPAREN ASTERISK RPAREN .)
    COMPARADORES    reduce using rule 42 (seleccion -> CONTANDO LPAREN ASTERISK RPAREN .)
    NUMBER          reduce using rule 42 (seleccion -> CONTANDO LPAREN ASTERISK RPAREN .)
    ID              reduce using rule 42 (seleccion -> CONTANDO LPAREN ASTERISK RPAREN .)
    STRING          reduce using rule 42 (seleccion -> CONTANDO LPAREN ASTERISK RPAREN .)
    LPAREN          reduce using rule 42 (seleccion -> CONTANDO LPAREN ASTERISK RPAREN .)
    $end            reduce using rule 42 (seleccion -> CONTANDO LPAREN ASTERISK RPAREN .)


state 79

    (43) seleccion -> CONTANDO LPAREN TODO RPAREN .

    DE_LA_TABLA     reduce using rule 43 (seleccion -> CONTANDO LPAREN TODO RPAREN .)
    DONDE           reduce using rule 43 (seleccion -> CONTANDO LPAREN TODO RPAREN .)
    AGRUPANDO_POR   reduce using rule 43 (seleccion -> CONTANDO LPAREN TODO RPAREN .)
    WHERE_DEL_GROUP_BY reduce using rule 43 (seleccion -> CONTANDO LPAREN TODO RPAREN .)
    MEZCLANDO       reduce using rule 43 (seleccion -> CONTANDO LPAREN TODO RPAREN .)
    COMPARADORES    reduce using rule 43 (seleccion -> CONTANDO LPAREN TODO RPAREN .)
    NUMBER          reduce using rule 43 (seleccion -> CONTANDO LPAREN TODO RPAREN .)
    ID              reduce using rule 43 (seleccion -> CONTANDO LPAREN TODO RPAREN .)
    STRING          reduce using rule 43 (seleccion -> CONTANDO LPAREN TODO RPAREN .)
    LPAREN          reduce using rule 43 (seleccion -> CONTANDO LPAREN TODO RPAREN .)
    $end            reduce using rule 43 (seleccion -> CONTANDO LPAREN TODO RPAREN .)


state 80

    (2) query -> METE_EN tabla LPAREN columnas RPAREN . LOS_VALORES LPAREN valores RPAREN

    LOS_VALORES     shift and go to state 91


state 81

    (47) columnas -> columna COMMA . columnas
    (46) columnas -> . columna
    (47) columnas -> . columna COMMA columnas
    (45) columna -> . ID

    ID              shift and go to state 12

    columna                        shift and go to state 56
    columnas                       shift and go to state 92

state 82

    (3) query -> ACTUALIZA tabla SETEA columna comparador . valor opcionales
    (50) valor -> . NUMBER
    (51) valor -> . ID
    (52) valor -> . STRING
    (53) valor -> . LPAREN valor RPAREN

    NUMBER          shift and go to state 36
    ID              shift and go to state 37
    STRING          shift and go to state 38
    LPAREN          shift and go to state 39

    valor                          shift and go to state 93

state 83

    (49) comparador -> empty .

    NUMBER          reduce using rule 49 (comparador -> empty .)
    ID              reduce using rule 49 (comparador -> empty .)
    STRING          reduce using rule 49 (comparador -> empty .)
    LPAREN          reduce using rule 49 (comparador -> empty .)


state 84

    (30) condicion -> columna comparador . valor
    (50) valor -> . NUMBER
    (51) valor -> . ID
    (52) valor -> . STRING
    (53) valor -> . LPAREN valor RPAREN

    NUMBER          shift and go to state 36
    ID              shift and go to state 37
    STRING          shift and go to state 38
    LPAREN          shift and go to state 39

    valor                          shift and go to state 94

state 85

    (31) condicion -> columna ENTRE . valor COMMA valor
    (32) condicion -> columna ENTRE . valor Y valor
    (50) valor -> . NUMBER
    (51) valor -> . ID
    (52) valor -> . STRING
    (53) valor -> . LPAREN valor RPAREN

    NUMBER          shift and go to state 36
    ID              shift and go to state 37
    STRING          shift and go to state 38
    LPAREN          shift and go to state 39

    valor                          shift and go to state 95

state 86

    (18) join -> MEZCLANDO tabla EN . columna comparador columna
    (45) columna -> . ID

    ID              shift and go to state 12

    columna                        shift and go to state 96

state 87

    (53) valor -> LPAREN valor RPAREN .

    DONDE           reduce using rule 53 (valor -> LPAREN valor RPAREN .)
    AGRUPANDO_POR   reduce using rule 53 (valor -> LPAREN valor RPAREN .)
    WHERE_DEL_GROUP_BY reduce using rule 53 (valor -> LPAREN valor RPAREN .)
    MEZCLANDO       reduce using rule 53 (valor -> LPAREN valor RPAREN .)
    COMPARADORES    reduce using rule 53 (valor -> LPAREN valor RPAREN .)
    NUMBER          reduce using rule 53 (valor -> LPAREN valor RPAREN .)
    ID              reduce using rule 53 (valor -> LPAREN valor RPAREN .)
    STRING          reduce using rule 53 (valor -> LPAREN valor RPAREN .)
    LPAREN          reduce using rule 53 (valor -> LPAREN valor RPAREN .)
    $end            reduce using rule 53 (valor -> LPAREN valor RPAREN .)
    RPAREN          reduce using rule 53 (valor -> LPAREN valor RPAREN .)
    COMMA           reduce using rule 53 (valor -> LPAREN valor RPAREN .)
    Y               reduce using rule 53 (valor -> LPAREN valor RPAREN .)


state 88

    (27) add -> AGREGA_LA_COLUMNA columna tipo_dato . constraint
    (58) constraint -> . NO_NULO
    (59) constraint -> . empty
    (60) empty -> .

    NO_NULO         shift and go to state 98
    $end            reduce using rule 60 (empty -> .)

    constraint                     shift and go to state 97
    empty                          shift and go to state 99

state 89

    (56) tipo_dato -> ID . LPAREN NUMBER RPAREN
    (57) tipo_dato -> ID .

    LPAREN          shift and go to state 100
    NO_NULO         reduce using rule 57 (tipo_dato -> ID .)
    $end            reduce using rule 57 (tipo_dato -> ID .)


state 90

    (33) rename -> RENOMBRA columna valor .

    $end            reduce using rule 33 (rename -> RENOMBRA columna valor .)


state 91

    (2) query -> METE_EN tabla LPAREN columnas RPAREN LOS_VALORES . LPAREN valores RPAREN

    LPAREN          shift and go to state 101


state 92

    (47) columnas -> columna COMMA columnas .

    RPAREN          reduce using rule 47 (columnas -> columna COMMA columnas .)


state 93

    (3) query -> ACTUALIZA tabla SETEA columna comparador valor . opcionales
    (6) opcionales -> . where opcionales
    (7) opcionales -> . group opcionales
    (8) opcionales -> . having opcionales
    (9) opcionales -> . join opcionales
    (10) opcionales -> . comparador opcionales
    (11) opcionales -> . valor opcionales
    (12) opcionales -> . empty
    (25) where -> . DONDE condicion
    (26) where -> . empty
    (20) group -> . AGRUPANDO_POR columna
    (21) group -> . empty
    (22) having -> . WHERE_DEL_GROUP_BY condicion
    (23) having -> . WHERE_DEL_GROUP_BY seleccion
    (24) having -> . empty
    (18) join -> . MEZCLANDO tabla EN columna comparador columna
    (19) join -> . empty
    (48) comparador -> . COMPARADORES
    (49) comparador -> . empty
    (50) valor -> . NUMBER
    (51) valor -> . ID
    (52) valor -> . STRING
    (53) valor -> . LPAREN valor RPAREN
    (60) empty -> .

  ! shift/reduce conflict for DONDE resolved as shift
  ! shift/reduce conflict for AGRUPANDO_POR resolved as shift
  ! shift/reduce conflict for WHERE_DEL_GROUP_BY resolved as shift
  ! shift/reduce conflict for MEZCLANDO resolved as shift
  ! shift/reduce conflict for COMPARADORES resolved as shift
  ! shift/reduce conflict for NUMBER resolved as shift
  ! shift/reduce conflict for ID resolved as shift
  ! shift/reduce conflict for STRING resolved as shift
  ! shift/reduce conflict for LPAREN resolved as shift
    DONDE           shift and go to state 31
    AGRUPANDO_POR   shift and go to state 32
    WHERE_DEL_GROUP_BY shift and go to state 33
    MEZCLANDO       shift and go to state 34
    COMPARADORES    shift and go to state 35
    NUMBER          shift and go to state 36
    ID              shift and go to state 37
    STRING          shift and go to state 38
    LPAREN          shift and go to state 39
    $end            reduce using rule 60 (empty -> .)

  ! DONDE           [ reduce using rule 60 (empty -> .) ]
  ! AGRUPANDO_POR   [ reduce using rule 60 (empty -> .) ]
  ! WHERE_DEL_GROUP_BY [ reduce using rule 60 (empty -> .) ]
  ! MEZCLANDO       [ reduce using rule 60 (empty -> .) ]
  ! COMPARADORES    [ reduce using rule 60 (empty -> .) ]
  ! NUMBER          [ reduce using rule 60 (empty -> .) ]
  ! ID              [ reduce using rule 60 (empty -> .) ]
  ! STRING          [ reduce using rule 60 (empty -> .) ]
  ! LPAREN          [ reduce using rule 60 (empty -> .) ]

    comparador                     shift and go to state 28
    valor                          shift and go to state 29
    opcionales                     shift and go to state 102
    where                          shift and go to state 24
    group                          shift and go to state 25
    having                         shift and go to state 26
    join                           shift and go to state 27
    empty                          shift and go to state 30

state 94

    (30) condicion -> columna comparador valor .

    DONDE           reduce using rule 30 (condicion -> columna comparador valor .)
    AGRUPANDO_POR   reduce using rule 30 (condicion -> columna comparador valor .)
    WHERE_DEL_GROUP_BY reduce using rule 30 (condicion -> columna comparador valor .)
    MEZCLANDO       reduce using rule 30 (condicion -> columna comparador valor .)
    COMPARADORES    reduce using rule 30 (condicion -> columna comparador valor .)
    NUMBER          reduce using rule 30 (condicion -> columna comparador valor .)
    ID              reduce using rule 30 (condicion -> columna comparador valor .)
    STRING          reduce using rule 30 (condicion -> columna comparador valor .)
    LPAREN          reduce using rule 30 (condicion -> columna comparador valor .)
    $end            reduce using rule 30 (condicion -> columna comparador valor .)


state 95

    (31) condicion -> columna ENTRE valor . COMMA valor
    (32) condicion -> columna ENTRE valor . Y valor

    COMMA           shift and go to state 103
    Y               shift and go to state 104


state 96

    (18) join -> MEZCLANDO tabla EN columna . comparador columna
    (48) comparador -> . COMPARADORES
    (49) comparador -> . empty
    (60) empty -> .

    COMPARADORES    shift and go to state 35
    ID              reduce using rule 60 (empty -> .)

    comparador                     shift and go to state 105
    empty                          shift and go to state 83

state 97

    (27) add -> AGREGA_LA_COLUMNA columna tipo_dato constraint .

    $end            reduce using rule 27 (add -> AGREGA_LA_COLUMNA columna tipo_dato constraint .)


state 98

    (58) constraint -> NO_NULO .

    $end            reduce using rule 58 (constraint -> NO_NULO .)


state 99

    (59) constraint -> empty .

    $end            reduce using rule 59 (constraint -> empty .)


state 100

    (56) tipo_dato -> ID LPAREN . NUMBER RPAREN

    NUMBER          shift and go to state 106


state 101

    (2) query -> METE_EN tabla LPAREN columnas RPAREN LOS_VALORES LPAREN . valores RPAREN
    (54) valores -> . valor
    (55) valores -> . valor COMMA valores
    (50) valor -> . NUMBER
    (51) valor -> . ID
    (52) valor -> . STRING
    (53) valor -> . LPAREN valor RPAREN

    NUMBER          shift and go to state 36
    ID              shift and go to state 37
    STRING          shift and go to state 38
    LPAREN          shift and go to state 39

    valores                        shift and go to state 107
    valor                          shift and go to state 108

state 102

    (3) query -> ACTUALIZA tabla SETEA columna comparador valor opcionales .

    $end            reduce using rule 3 (query -> ACTUALIZA tabla SETEA columna comparador valor opcionales .)


state 103

    (31) condicion -> columna ENTRE valor COMMA . valor
    (50) valor -> . NUMBER
    (51) valor -> . ID
    (52) valor -> . STRING
    (53) valor -> . LPAREN valor RPAREN

    NUMBER          shift and go to state 36
    ID              shift and go to state 37
    STRING          shift and go to state 38
    LPAREN          shift and go to state 39

    valor                          shift and go to state 109

state 104

    (32) condicion -> columna ENTRE valor Y . valor
    (50) valor -> . NUMBER
    (51) valor -> . ID
    (52) valor -> . STRING
    (53) valor -> . LPAREN valor RPAREN

    NUMBER          shift and go to state 36
    ID              shift and go to state 37
    STRING          shift and go to state 38
    LPAREN          shift and go to state 39

    valor                          shift and go to state 110

state 105

    (18) join -> MEZCLANDO tabla EN columna comparador . columna
    (45) columna -> . ID

    ID              shift and go to state 12

    columna                        shift and go to state 111

state 106

    (56) tipo_dato -> ID LPAREN NUMBER . RPAREN

    RPAREN          shift and go to state 112


state 107

    (2) query -> METE_EN tabla LPAREN columnas RPAREN LOS_VALORES LPAREN valores . RPAREN

    RPAREN          shift and go to state 113


state 108

    (54) valores -> valor .
    (55) valores -> valor . COMMA valores

    RPAREN          reduce using rule 54 (valores -> valor .)
    COMMA           shift and go to state 114


state 109

    (31) condicion -> columna ENTRE valor COMMA valor .

    DONDE           reduce using rule 31 (condicion -> columna ENTRE valor COMMA valor .)
    AGRUPANDO_POR   reduce using rule 31 (condicion -> columna ENTRE valor COMMA valor .)
    WHERE_DEL_GROUP_BY reduce using rule 31 (condicion -> columna ENTRE valor COMMA valor .)
    MEZCLANDO       reduce using rule 31 (condicion -> columna ENTRE valor COMMA valor .)
    COMPARADORES    reduce using rule 31 (condicion -> columna ENTRE valor COMMA valor .)
    NUMBER          reduce using rule 31 (condicion -> columna ENTRE valor COMMA valor .)
    ID              reduce using rule 31 (condicion -> columna ENTRE valor COMMA valor .)
    STRING          reduce using rule 31 (condicion -> columna ENTRE valor COMMA valor .)
    LPAREN          reduce using rule 31 (condicion -> columna ENTRE valor COMMA valor .)
    $end            reduce using rule 31 (condicion -> columna ENTRE valor COMMA valor .)


state 110

    (32) condicion -> columna ENTRE valor Y valor .

    DONDE           reduce using rule 32 (condicion -> columna ENTRE valor Y valor .)
    AGRUPANDO_POR   reduce using rule 32 (condicion -> columna ENTRE valor Y valor .)
    WHERE_DEL_GROUP_BY reduce using rule 32 (condicion -> columna ENTRE valor Y valor .)
    MEZCLANDO       reduce using rule 32 (condicion -> columna ENTRE valor Y valor .)
    COMPARADORES    reduce using rule 32 (condicion -> columna ENTRE valor Y valor .)
    NUMBER          reduce using rule 32 (condicion -> columna ENTRE valor Y valor .)
    ID              reduce using rule 32 (condicion -> columna ENTRE valor Y valor .)
    STRING          reduce using rule 32 (condicion -> columna ENTRE valor Y valor .)
    LPAREN          reduce using rule 32 (condicion -> columna ENTRE valor Y valor .)
    $end            reduce using rule 32 (condicion -> columna ENTRE valor Y valor .)


state 111

    (18) join -> MEZCLANDO tabla EN columna comparador columna .

    DONDE           reduce using rule 18 (join -> MEZCLANDO tabla EN columna comparador columna .)
    AGRUPANDO_POR   reduce using rule 18 (join -> MEZCLANDO tabla EN columna comparador columna .)
    WHERE_DEL_GROUP_BY reduce using rule 18 (join -> MEZCLANDO tabla EN columna comparador columna .)
    MEZCLANDO       reduce using rule 18 (join -> MEZCLANDO tabla EN columna comparador columna .)
    COMPARADORES    reduce using rule 18 (join -> MEZCLANDO tabla EN columna comparador columna .)
    NUMBER          reduce using rule 18 (join -> MEZCLANDO tabla EN columna comparador columna .)
    ID              reduce using rule 18 (join -> MEZCLANDO tabla EN columna comparador columna .)
    STRING          reduce using rule 18 (join -> MEZCLANDO tabla EN columna comparador columna .)
    LPAREN          reduce using rule 18 (join -> MEZCLANDO tabla EN columna comparador columna .)
    $end            reduce using rule 18 (join -> MEZCLANDO tabla EN columna comparador columna .)


state 112

    (56) tipo_dato -> ID LPAREN NUMBER RPAREN .

    NO_NULO         reduce using rule 56 (tipo_dato -> ID LPAREN NUMBER RPAREN .)
    $end            reduce using rule 56 (tipo_dato -> ID LPAREN NUMBER RPAREN .)


state 113

    (2) query -> METE_EN tabla LPAREN columnas RPAREN LOS_VALORES LPAREN valores RPAREN .

    $end            reduce using rule 2 (query -> METE_EN tabla LPAREN columnas RPAREN LOS_VALORES LPAREN valores RPAREN .)


state 114

    (55) valores -> valor COMMA . valores
    (54) valores -> . valor
    (55) valores -> . valor COMMA valores
    (50) valor -> . NUMBER
    (51) valor -> . ID
    (52) valor -> . STRING
    (53) valor -> . LPAREN valor RPAREN

    NUMBER          shift and go to state 36
    ID              shift and go to state 37
    STRING          shift and go to state 38
    LPAREN          shift and go to state 39

    valor                          shift and go to state 108
    valores                        shift and go to state 115

state 115

    (55) valores -> valor COMMA valores .

    RPAREN          reduce using rule 55 (valores -> valor COMMA valores .)

WARNING: 
WARNING: Conflicts:
WARNING: 
WARNING: shift/reduce conflict for DONDE in state 16 resolved as shift
WARNING: shift/reduce conflict for AGRUPANDO_POR in state 16 resolved as shift
WARNING: shift/reduce conflict for WHERE_DEL_GROUP_BY in state 16 resolved as shift
WARNING: shift/reduce conflict for MEZCLANDO in state 16 resolved as shift
WARNING: shift/reduce conflict for COMPARADORES in state 16 resolved as shift
WARNING: shift/reduce conflict for NUMBER in state 16 resolved as shift
WARNING: shift/reduce conflict for ID in state 16 resolved as shift
WARNING: shift/reduce conflict for STRING in state 16 resolved as shift
WARNING: shift/reduce conflict for LPAREN in state 16 resolved as shift
WARNING: shift/reduce conflict for DONDE in state 24 resolved as shift
WARNING: shift/reduce conflict for AGRUPANDO_POR in state 24 resolved as shift
WARNING: shift/reduce conflict for WHERE_DEL_GROUP_BY in state 24 resolved as shift
WARNING: shift/reduce conflict for MEZCLANDO in state 24 resolved as shift
WARNING: shift/reduce conflict for COMPARADORES in state 24 resolved as shift
WARNING: shift/reduce conflict for NUMBER in state 24 resolved as shift
WARNING: shift/reduce conflict for ID in state 24 resolved as shift
WARNING: shift/reduce conflict for STRING in state 24 resolved as shift
WARNING: shift/reduce conflict for LPAREN in state 24 resolved as shift
WARNING: shift/reduce conflict for DONDE in state 25 resolved as shift
WARNING: shift/reduce conflict for AGRUPANDO_POR in state 25 resolved as shift
WARNING: shift/reduce conflict for WHERE_DEL_GROUP_BY in state 25 resolved as shift
WARNING: shift/reduce conflict for MEZCLANDO in state 25 resolved as shift
WARNING: shift/reduce conflict for COMPARADORES in state 25 resolved as shift
WARNING: shift/reduce conflict for NUMBER in state 25 resolved as shift
WARNING: shift/reduce conflict for ID in state 25 resolved as shift
WARNING: shift/reduce conflict for STRING in state 25 resolved as shift
WARNING: shift/reduce conflict for LPAREN in state 25 resolved as shift
WARNING: shift/reduce conflict for DONDE in state 26 resolved as shift
WARNING: shift/reduce conflict for AGRUPANDO_POR in state 26 resolved as shift
WARNING: shift/reduce conflict for WHERE_DEL_GROUP_BY in state 26 resolved as shift
WARNING: shift/reduce conflict for MEZCLANDO in state 26 resolved as shift
WARNING: shift/reduce conflict for COMPARADORES in state 26 resolved as shift
WARNING: shift/reduce conflict for NUMBER in state 26 resolved as shift
WARNING: shift/reduce conflict for ID in state 26 resolved as shift
WARNING: shift/reduce conflict for STRING in state 26 resolved as shift
WARNING: shift/reduce conflict for LPAREN in state 26 resolved as shift
WARNING: shift/reduce conflict for DONDE in state 27 resolved as shift
WARNING: shift/reduce conflict for AGRUPANDO_POR in state 27 resolved as shift
WARNING: shift/reduce conflict for WHERE_DEL_GROUP_BY in state 27 resolved as shift
WARNING: shift/reduce conflict for MEZCLANDO in state 27 resolved as shift
WARNING: shift/reduce conflict for COMPARADORES in state 27 resolved as shift
WARNING: shift/reduce conflict for NUMBER in state 27 resolved as shift
WARNING: shift/reduce conflict for ID in state 27 resolved as shift
WARNING: shift/reduce conflict for STRING in state 27 resolved as shift
WARNING: shift/reduce conflict for LPAREN in state 27 resolved as shift
WARNING: shift/reduce conflict for DONDE in state 28 resolved as shift
WARNING: shift/reduce conflict for AGRUPANDO_POR in state 28 resolved as shift
WARNING: shift/reduce conflict for WHERE_DEL_GROUP_BY in state 28 resolved as shift
WARNING: shift/reduce conflict for MEZCLANDO in state 28 resolved as shift
WARNING: shift/reduce conflict for COMPARADORES in state 28 resolved as shift
WARNING: shift/reduce conflict for NUMBER in state 28 resolved as shift
WARNING: shift/reduce conflict for ID in state 28 resolved as shift
WARNING: shift/reduce conflict for STRING in state 28 resolved as shift
WARNING: shift/reduce conflict for LPAREN in state 28 resolved as shift
WARNING: shift/reduce conflict for DONDE in state 29 resolved as shift
WARNING: shift/reduce conflict for AGRUPANDO_POR in state 29 resolved as shift
WARNING: shift/reduce conflict for WHERE_DEL_GROUP_BY in state 29 resolved as shift
WARNING: shift/reduce conflict for MEZCLANDO in state 29 resolved as shift
WARNING: shift/reduce conflict for COMPARADORES in state 29 resolved as shift
WARNING: shift/reduce conflict for NUMBER in state 29 resolved as shift
WARNING: shift/reduce conflict for ID in state 29 resolved as shift
WARNING: shift/reduce conflict for STRING in state 29 resolved as shift
WARNING: shift/reduce conflict for LPAREN in state 29 resolved as shift
WARNING: shift/reduce conflict for DONDE in state 52 resolved as shift
WARNING: shift/reduce conflict for AGRUPANDO_POR in state 52 resolved as shift
WARNING: shift/reduce conflict for WHERE_DEL_GROUP_BY in state 52 resolved as shift
WARNING: shift/reduce conflict for MEZCLANDO in state 52 resolved as shift
WARNING: shift/reduce conflict for COMPARADORES in state 52 resolved as shift
WARNING: shift/reduce conflict for NUMBER in state 52 resolved as shift
WARNING: shift/reduce conflict for ID in state 52 resolved as shift
WARNING: shift/reduce conflict for STRING in state 52 resolved as shift
WARNING: shift/reduce conflict for LPAREN in state 52 resolved as shift
WARNING: shift/reduce conflict for COMPARADORES in state 69 resolved as shift
WARNING: shift/reduce conflict for DONDE in state 93 resolved as shift
WARNING: shift/reduce conflict for AGRUPANDO_POR in state 93 resolved as shift
WARNING: shift/reduce conflict for WHERE_DEL_GROUP_BY in state 93 resolved as shift
WARNING: shift/reduce conflict for MEZCLANDO in state 93 resolved as shift
WARNING: shift/reduce conflict for COMPARADORES in state 93 resolved as shift
WARNING: shift/reduce conflict for NUMBER in state 93 resolved as shift
WARNING: shift/reduce conflict for ID in state 93 resolved as shift
WARNING: shift/reduce conflict for STRING in state 93 resolved as shift
WARNING: shift/reduce conflict for LPAREN in state 93 resolved as shift
WARNING: reduce/reduce conflict in state 30 resolved using rule (opcionales -> empty)
WARNING: rejected rule (where -> empty) in state 30
WARNING: reduce/reduce conflict in state 30 resolved using rule (group -> empty)
WARNING: rejected rule (where -> empty) in state 30
WARNING: reduce/reduce conflict in state 30 resolved using rule (opcionales -> empty)
WARNING: rejected rule (group -> empty) in state 30
WARNING: reduce/reduce conflict in state 30 resolved using rule (group -> empty)
WARNING: rejected rule (having -> empty) in state 30
WARNING: reduce/reduce conflict in state 30 resolved using rule (opcionales -> empty)
WARNING: rejected rule (having -> empty) in state 30
WARNING: reduce/reduce conflict in state 30 resolved using rule (join -> empty)
WARNING: rejected rule (group -> empty) in state 30
WARNING: reduce/reduce conflict in state 30 resolved using rule (opcionales -> empty)
WARNING: rejected rule (join -> empty) in state 30
WARNING: reduce/reduce conflict in state 30 resolved using rule (join -> empty)
WARNING: rejected rule (comparador -> empty) in state 30
WARNING: reduce/reduce conflict in state 30 resolved using rule (opcionales -> empty)
WARNING: rejected rule (comparador -> empty) in state 30
WARNING: reduce/reduce conflict in state 48 resolved using rule (drop_column -> empty)
WARNING: rejected rule (rename -> empty) in state 48
WARNING: reduce/reduce conflict in state 48 resolved using rule (drop_column -> empty)
WARNING: rejected rule (create -> empty) in state 48
WARNING: reduce/reduce conflict in state 48 resolved using rule (drop_column -> empty)
WARNING: rejected rule (drop_table -> empty) in state 48
WARNING: reduce/reduce conflict in state 69 resolved using rule (seleccion -> columna)
WARNING: rejected rule (empty -> <empty>) in state 69
WARNING: Rule (where -> empty) is never reduced
WARNING: Rule (group -> empty) is never reduced
WARNING: Rule (having -> empty) is never reduced
WARNING: Rule (rename -> empty) is never reduced
WARNING: Rule (create -> empty) is never reduced
WARNING: Rule (drop_table -> empty) is never reduced
